# JRE version: OpenJDK Runtime Environment (8.0_252-b09) (build 1.8.0_252-b09)
# Java VM: OpenJDK 64-Bit Server VM (25.252-b09 mixed mode windows-amd64 compressed oops)
Heap:
 PSYoungGen      total 55808K, used 42713K [0x00000000f5580000, 0x00000000f9980000, 0x0000000100000000)
  eden space 45056K, 94% used [0x00000000f5580000,0x00000000f7f36600,0x00000000f8180000)
  from space 10752K, 0% used [0x00000000f8180000,0x00000000f8180000,0x00000000f8c00000)
  to   space 7680K, 0% used [0x00000000f8c00000,0x00000000f8c00000,0x00000000f9380000)
 ParOldGen       total 26112K, used 22232K [0x00000000e0000000, 0x00000000e1980000, 0x00000000f5580000)
  object space 26112K, 85% used [0x00000000e0000000,0x00000000e15b60b0,0x00000000e1980000)
 Metaspace       used 38506K, capacity 39170K, committed 39472K, reserved 1083392K
  class space    used 4883K, capacity 5056K, committed 5168K, reserved 1048576K
GC Heap History (10 events):
Event: 8.736 GC heap before
{Heap before GC invocations=9 (full 1):
 PSYoungGen      total 38912K, used 5092K [0x00000000f5580000, 0x00000000f8380000, 0x0000000100000000)
  eden space 33792K, 0% used [0x00000000f5580000,0x00000000f5580000,0x00000000f7680000)
  from space 5120K, 99% used [0x00000000f7c80000,0x00000000f81793d0,0x00000000f8180000)
  to   space 6144K, 0% used [0x00000000f7680000,0x00000000f7680000,0x00000000f7c80000)
 ParOldGen       total 22016K, used 11658K [0x00000000e0000000, 0x00000000e1580000, 0x00000000f5580000)
  object space 22016K, 52% used [0x00000000e0000000,0x00000000e0b62a30,0x00000000e1580000)
 Metaspace       used 20645K, capacity 21058K, committed 21296K, reserved 1069056K
  class space    used 2441K, capacity 2591K, committed 2608K, reserved 1048576K
Event: 8.829 GC heap after
Heap after GC invocations=9 (full 1):
 PSYoungGen      total 38912K, used 0K [0x00000000f5580000, 0x00000000f8380000, 0x0000000100000000)
  eden space 33792K, 0% used [0x00000000f5580000,0x00000000f5580000,0x00000000f7680000)
  from space 5120K, 0% used [0x00000000f7c80000,0x00000000f7c80000,0x00000000f8180000)
  to   space 6144K, 0% used [0x00000000f7680000,0x00000000f7680000,0x00000000f7c80000)
 ParOldGen       total 25088K, used 10928K [0x00000000e0000000, 0x00000000e1880000, 0x00000000f5580000)
  object space 25088K, 43% used [0x00000000e0000000,0x00000000e0aac0b8,0x00000000e1880000)
 Metaspace       used 20645K, capacity 21058K, committed 21296K, reserved 1069056K
  class space    used 2441K, capacity 2591K, committed 2608K, reserved 1048576K
}
Event: 10.104 GC heap before
{Heap before GC invocations=10 (full 1):
 PSYoungGen      total 38912K, used 33792K [0x00000000f5580000, 0x00000000f8380000, 0x0000000100000000)
  eden space 33792K, 100% used [0x00000000f5580000,0x00000000f7680000,0x00000000f7680000)
  from space 5120K, 0% used [0x00000000f7c80000,0x00000000f7c80000,0x00000000f8180000)
  to   space 6144K, 0% used [0x00000000f7680000,0x00000000f7680000,0x00000000f7c80000)
 ParOldGen       total 25088K, used 10928K [0x00000000e0000000, 0x00000000e1880000, 0x00000000f5580000)
  object space 25088K, 43% used [0x00000000e0000000,0x00000000e0aac0b8,0x00000000e1880000)
 Metaspace       used 22636K, capacity 23148K, committed 23472K, reserved 1069056K
  class space    used 2711K, capacity 2898K, committed 2992K, reserved 1048576K
Event: 10.127 GC heap after
Heap after GC invocations=10 (full 1):
 PSYoungGen      total 39936K, used 6142K [0x00000000f5580000, 0x00000000f9380000, 0x0000000100000000)
  eden space 33792K, 0% used [0x00000000f5580000,0x00000000f5580000,0x00000000f7680000)
  from space 6144K, 99% used [0x00000000f7680000,0x00000000f7c7fb40,0x00000000f7c80000)
  to   space 7680K, 0% used [0x00000000f8c00000,0x00000000f8c00000,0x00000000f9380000)
 ParOldGen       total 25088K, used 11699K [0x00000000e0000000, 0x00000000e1880000, 0x00000000f5580000)
  object space 25088K, 46% used [0x00000000e0000000,0x00000000e0b6cee8,0x00000000e1880000)
 Metaspace       used 22636K, capacity 23148K, committed 23472K, reserved 1069056K
  class space    used 2711K, capacity 2898K, committed 2992K, reserved 1048576K
}
Event: 11.764 GC heap before
{Heap before GC invocations=11 (full 1):
 PSYoungGen      total 39936K, used 39934K [0x00000000f5580000, 0x00000000f9380000, 0x0000000100000000)
  eden space 33792K, 100% used [0x00000000f5580000,0x00000000f7680000,0x00000000f7680000)
  from space 6144K, 99% used [0x00000000f7680000,0x00000000f7c7fb40,0x00000000f7c80000)
  to   space 7680K, 0% used [0x00000000f8c00000,0x00000000f8c00000,0x00000000f9380000)
 ParOldGen       total 25088K, used 11699K [0x00000000e0000000, 0x00000000e1880000, 0x00000000f5580000)
  object space 25088K, 46% used [0x00000000e0000000,0x00000000e0b6cee8,0x00000000e1880000)
 Metaspace       used 28133K, capacity 28682K, committed 28976K, reserved 1075200K
  class space    used 3386K, capacity 3543K, committed 3632K, reserved 1048576K
Event: 11.804 GC heap after
Heap after GC invocations=11 (full 1):
 PSYoungGen      total 52736K, used 7672K [0x00000000f5580000, 0x00000000f9980000, 0x0000000100000000)
  eden space 45056K, 0% used [0x00000000f5580000,0x00000000f5580000,0x00000000f8180000)
  from space 7680K, 99% used [0x00000000f8c00000,0x00000000f937e270,0x00000000f9380000)
  to   space 10752K, 0% used [0x00000000f8180000,0x00000000f8180000,0x00000000f8c00000)
 ParOldGen       total 25088K, used 18216K [0x00000000e0000000, 0x00000000e1880000, 0x00000000f5580000)
  object space 25088K, 72% used [0x00000000e0000000,0x00000000e11ca170,0x00000000e1880000)
 Metaspace       used 28133K, capacity 28682K, committed 28976K, reserved 1075200K
  class space    used 3386K, capacity 3543K, committed 3632K, reserved 1048576K
}
Event: 13.808 GC heap before
{Heap before GC invocations=12 (full 1):
 PSYoungGen      total 52736K, used 39822K [0x00000000f5580000, 0x00000000f9980000, 0x0000000100000000)
  eden space 45056K, 71% used [0x00000000f5580000,0x00000000f74e5688,0x00000000f8180000)
  from space 7680K, 99% used [0x00000000f8c00000,0x00000000f937e270,0x00000000f9380000)
  to   space 10752K, 0% used [0x00000000f8180000,0x00000000f8180000,0x00000000f8c00000)
 ParOldGen       total 25088K, used 18216K [0x00000000e0000000, 0x00000000e1880000, 0x00000000f5580000)
  object space 25088K, 72% used [0x00000000e0000000,0x00000000e11ca170,0x00000000e1880000)
 Metaspace       used 34699K, capacity 35272K, committed 35496K, reserved 1081344K
  class space    used 4425K, capacity 4593K, committed 4656K, reserved 1048576K
Event: 13.853 GC heap after
Heap after GC invocations=12 (full 1):
 PSYoungGen      total 55808K, used 8225K [0x00000000f5580000, 0x00000000f9980000, 0x0000000100000000)
  eden space 45056K, 0% used [0x00000000f5580000,0x00000000f5580000,0x00000000f8180000)
  from space 10752K, 76% used [0x00000000f8180000,0x00000000f8988560,0x00000000f8c00000)
  to   space 7680K, 0% used [0x00000000f8c00000,0x00000000f8c00000,0x00000000f9380000)
 ParOldGen       total 26112K, used 25771K [0x00000000e0000000, 0x00000000e1980000, 0x00000000f5580000)
  object space 26112K, 98% used [0x00000000e0000000,0x00000000e192ae30,0x00000000e1980000)
 Metaspace       used 34699K, capacity 35272K, committed 35496K, reserved 1081344K
  class space    used 4425K, capacity 4593K, committed 4656K, reserved 1048576K
}
Event: 13.853 GC heap before
{Heap before GC invocations=13 (full 2):
 PSYoungGen      total 55808K, used 8225K [0x00000000f5580000, 0x00000000f9980000, 0x0000000100000000)
  eden space 45056K, 0% used [0x00000000f5580000,0x00000000f5580000,0x00000000f8180000)
  from space 10752K, 76% used [0x00000000f8180000,0x00000000f8988560,0x00000000f8c00000)
  to   space 7680K, 0% used [0x00000000f8c00000,0x00000000f8c00000,0x00000000f9380000)
 ParOldGen       total 26112K, used 25771K [0x00000000e0000000, 0x00000000e1980000, 0x00000000f5580000)
  object space 26112K, 98% used [0x00000000e0000000,0x00000000e192ae30,0x00000000e1980000)
 Metaspace       used 34699K, capacity 35272K, committed 35496K, reserved 1081344K
  class space    used 4425K, capacity 4593K, committed 4656K, reserved 1048576K
Event: 14.056 GC heap after
Heap after GC invocations=13 (full 2):
 PSYoungGen      total 55808K, used 0K [0x00000000f5580000, 0x00000000f9980000, 0x0000000100000000)
  eden space 45056K, 0% used [0x00000000f5580000,0x00000000f5580000,0x00000000f8180000)
  from space 10752K, 0% used [0x00000000f8180000,0x00000000f8180000,0x00000000f8c00000)
  to   space 7680K, 0% used [0x00000000f8c00000,0x00000000f8c00000,0x00000000f9380000)
 ParOldGen       total 26112K, used 22232K [0x00000000e0000000, 0x00000000e1980000, 0x00000000f5580000)
  object space 26112K, 85% used [0x00000000e0000000,0x00000000e15b60b0,0x00000000e1980000)
 Metaspace       used 34699K, capacity 35272K, committed 35496K, reserved 1081344K
  class space    used 4425K, capacity 4593K, committed 4656K, reserved 1048576K
}

