# JRE version: OpenJDK Runtime Environment (8.0_252-b09) (build 1.8.0_252-b09)
# Java VM: OpenJDK 64-Bit Server VM (25.252-b09 mixed mode windows-amd64 compressed oops)
Heap:
 PSYoungGen      total 56320K, used 17883K [0x00000000f5580000, 0x00000000fa680000, 0x0000000100000000)
  eden space 49152K, 21% used [0x00000000f5580000,0x00000000f60071c0,0x00000000f8580000)
  from space 7168K, 99% used [0x00000000f9f80000,0x00000000fa66fb10,0x00000000fa680000)
  to   space 8192K, 0% used [0x00000000f9680000,0x00000000f9680000,0x00000000f9e80000)
 ParOldGen       total 32256K, used 14054K [0x00000000e0000000, 0x00000000e1f80000, 0x00000000f5580000)
  object space 32256K, 43% used [0x00000000e0000000,0x00000000e0db9938,0x00000000e1f80000)
 Metaspace       used 24559K, capacity 25064K, committed 25136K, reserved 1071104K
  class space    used 2930K, capacity 3090K, committed 3120K, reserved 1048576K
GC Heap History (10 events):
Event: 3.537 GC heap before
{Heap before GC invocations=5 (full 0):
 PSYoungGen      total 18432K, used 18432K [0x00000000f5580000, 0x00000000f6880000, 0x0000000100000000)
  eden space 17408K, 100% used [0x00000000f5580000,0x00000000f6680000,0x00000000f6680000)
  from space 1024K, 100% used [0x00000000f6780000,0x00000000f6880000,0x00000000f6880000)
  to   space 1024K, 0% used [0x00000000f6680000,0x00000000f6680000,0x00000000f6780000)
 ParOldGen       total 22016K, used 6724K [0x00000000e0000000, 0x00000000e1580000, 0x00000000f5580000)
  object space 22016K, 30% used [0x00000000e0000000,0x00000000e06913f8,0x00000000e1580000)
 Metaspace       used 13200K, capacity 13420K, committed 13696K, reserved 1060864K
  class space    used 1488K, capacity 1562K, committed 1664K, reserved 1048576K
Event: 3.557 GC heap after
Heap after GC invocations=5 (full 0):
 PSYoungGen      total 18432K, used 1024K [0x00000000f5580000, 0x00000000f8280000, 0x0000000100000000)
  eden space 17408K, 0% used [0x00000000f5580000,0x00000000f5580000,0x00000000f6680000)
  from space 1024K, 100% used [0x00000000f6680000,0x00000000f6780000,0x00000000f6780000)
  to   space 5632K, 0% used [0x00000000f7d00000,0x00000000f7d00000,0x00000000f8280000)
 ParOldGen       total 22016K, used 11130K [0x00000000e0000000, 0x00000000e1580000, 0x00000000f5580000)
  object space 22016K, 50% used [0x00000000e0000000,0x00000000e0adea60,0x00000000e1580000)
 Metaspace       used 13200K, capacity 13420K, committed 13696K, reserved 1060864K
  class space    used 1488K, capacity 1562K, committed 1664K, reserved 1048576K
}
Event: 4.278 GC heap before
{Heap before GC invocations=6 (full 0):
 PSYoungGen      total 18432K, used 18432K [0x00000000f5580000, 0x00000000f8280000, 0x0000000100000000)
  eden space 17408K, 100% used [0x00000000f5580000,0x00000000f6680000,0x00000000f6680000)
  from space 1024K, 100% used [0x00000000f6680000,0x00000000f6780000,0x00000000f6780000)
  to   space 5632K, 0% used [0x00000000f7d00000,0x00000000f7d00000,0x00000000f8280000)
 ParOldGen       total 22016K, used 11130K [0x00000000e0000000, 0x00000000e1580000, 0x00000000f5580000)
  object space 22016K, 50% used [0x00000000e0000000,0x00000000e0adea60,0x00000000e1580000)
 Metaspace       used 16801K, capacity 17140K, committed 17536K, reserved 1064960K
  class space    used 1960K, capacity 2053K, committed 2176K, reserved 1048576K
Event: 4.303 GC heap after
Heap after GC invocations=6 (full 0):
 PSYoungGen      total 39936K, used 5043K [0x00000000f5580000, 0x00000000f8380000, 0x0000000100000000)
  eden space 34304K, 0% used [0x00000000f5580000,0x00000000f5580000,0x00000000f7700000)
  from space 5632K, 89% used [0x00000000f7d00000,0x00000000f81ecc38,0x00000000f8280000)
  to   space 6144K, 0% used [0x00000000f7700000,0x00000000f7700000,0x00000000f7d00000)
 ParOldGen       total 22016K, used 11130K [0x00000000e0000000, 0x00000000e1580000, 0x00000000f5580000)
  object space 22016K, 50% used [0x00000000e0000000,0x00000000e0adea60,0x00000000e1580000)
 Metaspace       used 16801K, capacity 17140K, committed 17536K, reserved 1064960K
  class space    used 1960K, capacity 2053K, committed 2176K, reserved 1048576K
}
Event: 5.191 GC heap before
{Heap before GC invocations=7 (full 0):
 PSYoungGen      total 39936K, used 22383K [0x00000000f5580000, 0x00000000f8380000, 0x0000000100000000)
  eden space 34304K, 50% used [0x00000000f5580000,0x00000000f666f160,0x00000000f7700000)
  from space 5632K, 89% used [0x00000000f7d00000,0x00000000f81ecc38,0x00000000f8280000)
  to   space 6144K, 0% used [0x00000000f7700000,0x00000000f7700000,0x00000000f7d00000)
 ParOldGen       total 22016K, used 11130K [0x00000000e0000000, 0x00000000e1580000, 0x00000000f5580000)
  object space 22016K, 50% used [0x00000000e0000000,0x00000000e0adea60,0x00000000e1580000)
 Metaspace       used 20643K, capacity 21114K, committed 21296K, reserved 1069056K
  class space    used 2441K, capacity 2591K, committed 2608K, reserved 1048576K
Event: 5.229 GC heap after
Heap after GC invocations=7 (full 0):
 PSYoungGen      total 40448K, used 5648K [0x00000000f5580000, 0x00000000fa680000, 0x0000000100000000)
  eden space 34304K, 0% used [0x00000000f5580000,0x00000000f5580000,0x00000000f7700000)
  from space 6144K, 91% used [0x00000000f7700000,0x00000000f7c84130,0x00000000f7d00000)
  to   space 7168K, 0% used [0x00000000f9f80000,0x00000000f9f80000,0x00000000fa680000)
 ParOldGen       total 22016K, used 11537K [0x00000000e0000000, 0x00000000e1580000, 0x00000000f5580000)
  object space 22016K, 52% used [0x00000000e0000000,0x00000000e0b44538,0x00000000e1580000)
 Metaspace       used 20643K, capacity 21114K, committed 21296K, reserved 1069056K
  class space    used 2441K, capacity 2591K, committed 2608K, reserved 1048576K
}
Event: 5.229 GC heap before
{Heap before GC invocations=8 (full 1):
 PSYoungGen      total 40448K, used 5648K [0x00000000f5580000, 0x00000000fa680000, 0x0000000100000000)
  eden space 34304K, 0% used [0x00000000f5580000,0x00000000f5580000,0x00000000f7700000)
  from space 6144K, 91% used [0x00000000f7700000,0x00000000f7c84130,0x00000000f7d00000)
  to   space 7168K, 0% used [0x00000000f9f80000,0x00000000f9f80000,0x00000000fa680000)
 ParOldGen       total 22016K, used 11537K [0x00000000e0000000, 0x00000000e1580000, 0x00000000f5580000)
  object space 22016K, 52% used [0x00000000e0000000,0x00000000e0b44538,0x00000000e1580000)
 Metaspace       used 20643K, capacity 21114K, committed 21296K, reserved 1069056K
  class space    used 2441K, capacity 2591K, committed 2608K, reserved 1048576K
Event: 5.402 GC heap after
Heap after GC invocations=8 (full 1):
 PSYoungGen      total 40448K, used 0K [0x00000000f5580000, 0x00000000fa680000, 0x0000000100000000)
  eden space 34304K, 0% used [0x00000000f5580000,0x00000000f5580000,0x00000000f7700000)
  from space 6144K, 0% used [0x00000000f7700000,0x00000000f7700000,0x00000000f7d00000)
  to   space 7168K, 0% used [0x00000000f9f80000,0x00000000f9f80000,0x00000000fa680000)
 ParOldGen       total 32256K, used 14046K [0x00000000e0000000, 0x00000000e1f80000, 0x00000000f5580000)
  object space 32256K, 43% used [0x00000000e0000000,0x00000000e0db7938,0x00000000e1f80000)
 Metaspace       used 20643K, capacity 21114K, committed 21296K, reserved 1069056K
  class space    used 2441K, capacity 2591K, committed 2608K, reserved 1048576K
}
Event: 7.222 GC heap before
{Heap before GC invocations=9 (full 1):
 PSYoungGen      total 40448K, used 34304K [0x00000000f5580000, 0x00000000fa680000, 0x0000000100000000)
  eden space 34304K, 100% used [0x00000000f5580000,0x00000000f7700000,0x00000000f7700000)
  from space 6144K, 0% used [0x00000000f7700000,0x00000000f7700000,0x00000000f7d00000)
  to   space 7168K, 0% used [0x00000000f9f80000,0x00000000f9f80000,0x00000000fa680000)
 ParOldGen       total 32256K, used 14046K [0x00000000e0000000, 0x00000000e1f80000, 0x00000000f5580000)
  object space 32256K, 43% used [0x00000000e0000000,0x00000000e0db7938,0x00000000e1f80000)
 Metaspace       used 22752K, capacity 23272K, committed 23472K, reserved 1069056K
  class space    used 2721K, capacity 2898K, committed 2992K, reserved 1048576K
Event: 7.255 GC heap after
Heap after GC invocations=9 (full 1):
 PSYoungGen      total 56320K, used 7102K [0x00000000f5580000, 0x00000000fa680000, 0x0000000100000000)
  eden space 49152K, 0% used [0x00000000f5580000,0x00000000f5580000,0x00000000f8580000)
  from space 7168K, 99% used [0x00000000f9f80000,0x00000000fa66fb10,0x00000000fa680000)
  to   space 8192K, 0% used [0x00000000f9680000,0x00000000f9680000,0x00000000f9e80000)
 ParOldGen       total 32256K, used 14054K [0x00000000e0000000, 0x00000000e1f80000, 0x00000000f5580000)
  object space 32256K, 43% used [0x00000000e0000000,0x00000000e0db9938,0x00000000e1f80000)
 Metaspace       used 22752K, capacity 23272K, committed 23472K, reserved 1069056K
  class space    used 2721K, capacity 2898K, committed 2992K, reserved 1048576K
}

