# JRE version: OpenJDK Runtime Environment (8.0_252-b09) (build 1.8.0_252-b09)
# Java VM: OpenJDK 64-Bit Server VM (25.252-b09 mixed mode windows-amd64 compressed oops)
Heap:
 PSYoungGen      total 21504K, used 12923K [0x00000000f5580000, 0x00000000f6e80000, 0x0000000100000000)
  eden space 17408K, 50% used [0x00000000f5580000,0x00000000f5e20e98,0x00000000f6680000)
  from space 4096K, 99% used [0x00000000f6680000,0x00000000f6a7e098,0x00000000f6a80000)
  to   space 4096K, 0% used [0x00000000f6a80000,0x00000000f6a80000,0x00000000f6e80000)
 ParOldGen       total 22016K, used 10580K [0x00000000e0000000, 0x00000000e1580000, 0x00000000f5580000)
  object space 22016K, 48% used [0x00000000e0000000,0x00000000e0a55358,0x00000000e1580000)
 Metaspace       used 19283K, capacity 19692K, committed 19840K, reserved 1067008K
  class space    used 2246K, capacity 2347K, committed 2432K, reserved 1048576K
GC Heap History (10 events):
Event: 4.866 GC heap before
{Heap before GC invocations=3 (full 0):
 PSYoungGen      total 9728K, used 9696K [0x00000000f5580000, 0x00000000f6000000, 0x0000000100000000)
  eden space 8704K, 100% used [0x00000000f5580000,0x00000000f5e00000,0x00000000f5e00000)
  from space 1024K, 96% used [0x00000000f5f00000,0x00000000f5ff8020,0x00000000f6000000)
  to   space 1024K, 0% used [0x00000000f5e00000,0x00000000f5e00000,0x00000000f5f00000)
 ParOldGen       total 22016K, used 2741K [0x00000000e0000000, 0x00000000e1580000, 0x00000000f5580000)
  object space 22016K, 12% used [0x00000000e0000000,0x00000000e02ad428,0x00000000e1580000)
 Metaspace       used 9086K, capacity 9260K, committed 9600K, reserved 1058816K
  class space    used 967K, capacity 1052K, committed 1152K, reserved 1048576K
Event: 4.873 GC heap after
Heap after GC invocations=3 (full 0):
 PSYoungGen      total 9728K, used 1024K [0x00000000f5580000, 0x00000000f6000000, 0x0000000100000000)
  eden space 8704K, 0% used [0x00000000f5580000,0x00000000f5580000,0x00000000f5e00000)
  from space 1024K, 100% used [0x00000000f5e00000,0x00000000f5f00000,0x00000000f5f00000)
  to   space 1024K, 0% used [0x00000000f5f00000,0x00000000f5f00000,0x00000000f6000000)
 ParOldGen       total 22016K, used 4797K [0x00000000e0000000, 0x00000000e1580000, 0x00000000f5580000)
  object space 22016K, 21% used [0x00000000e0000000,0x00000000e04af4c8,0x00000000e1580000)
 Metaspace       used 9086K, capacity 9260K, committed 9600K, reserved 1058816K
  class space    used 967K, capacity 1052K, committed 1152K, reserved 1048576K
}
Event: 5.377 GC heap before
{Heap before GC invocations=4 (full 0):
 PSYoungGen      total 9728K, used 9728K [0x00000000f5580000, 0x00000000f6000000, 0x0000000100000000)
  eden space 8704K, 100% used [0x00000000f5580000,0x00000000f5e00000,0x00000000f5e00000)
  from space 1024K, 100% used [0x00000000f5e00000,0x00000000f5f00000,0x00000000f5f00000)
  to   space 1024K, 0% used [0x00000000f5f00000,0x00000000f5f00000,0x00000000f6000000)
 ParOldGen       total 22016K, used 4797K [0x00000000e0000000, 0x00000000e1580000, 0x00000000f5580000)
  object space 22016K, 21% used [0x00000000e0000000,0x00000000e04af4c8,0x00000000e1580000)
 Metaspace       used 10329K, capacity 10428K, committed 10752K, reserved 1058816K
  class space    used 1126K, capacity 1180K, committed 1280K, reserved 1048576K
Event: 5.387 GC heap after
Heap after GC invocations=4 (full 0):
 PSYoungGen      total 9728K, used 1024K [0x00000000f5580000, 0x00000000f6000000, 0x0000000100000000)
  eden space 8704K, 0% used [0x00000000f5580000,0x00000000f5580000,0x00000000f5e00000)
  from space 1024K, 100% used [0x00000000f5f00000,0x00000000f6000000,0x00000000f6000000)
  to   space 1024K, 0% used [0x00000000f5e00000,0x00000000f5e00000,0x00000000f5f00000)
 ParOldGen       total 22016K, used 6781K [0x00000000e0000000, 0x00000000e1580000, 0x00000000f5580000)
  object space 22016K, 30% used [0x00000000e0000000,0x00000000e069f6d0,0x00000000e1580000)
 Metaspace       used 10329K, capacity 10428K, committed 10752K, reserved 1058816K
  class space    used 1126K, capacity 1180K, committed 1280K, reserved 1048576K
}
Event: 5.961 GC heap before
{Heap before GC invocations=5 (full 0):
 PSYoungGen      total 9728K, used 9728K [0x00000000f5580000, 0x00000000f6000000, 0x0000000100000000)
  eden space 8704K, 100% used [0x00000000f5580000,0x00000000f5e00000,0x00000000f5e00000)
  from space 1024K, 100% used [0x00000000f5f00000,0x00000000f6000000,0x00000000f6000000)
  to   space 1024K, 0% used [0x00000000f5e00000,0x00000000f5e00000,0x00000000f5f00000)
 ParOldGen       total 22016K, used 6781K [0x00000000e0000000, 0x00000000e1580000, 0x00000000f5580000)
  object space 22016K, 30% used [0x00000000e0000000,0x00000000e069f6d0,0x00000000e1580000)
 Metaspace       used 11305K, capacity 11548K, committed 11648K, reserved 1058816K
  class space    used 1237K, capacity 1324K, committed 1408K, reserved 1048576K
Event: 5.975 GC heap after
Heap after GC invocations=5 (full 0):
 PSYoungGen      total 9728K, used 1024K [0x00000000f5580000, 0x00000000f6e80000, 0x0000000100000000)
  eden space 8704K, 0% used [0x00000000f5580000,0x00000000f5580000,0x00000000f5e00000)
  from space 1024K, 100% used [0x00000000f5e00000,0x00000000f5f00000,0x00000000f5f00000)
  to   space 4096K, 0% used [0x00000000f6a80000,0x00000000f6a80000,0x00000000f6e80000)
 ParOldGen       total 22016K, used 9120K [0x00000000e0000000, 0x00000000e1580000, 0x00000000f5580000)
  object space 22016K, 41% used [0x00000000e0000000,0x00000000e08e8320,0x00000000e1580000)
 Metaspace       used 11305K, capacity 11548K, committed 11648K, reserved 1058816K
  class space    used 1237K, capacity 1324K, committed 1408K, reserved 1048576K
}
Event: 6.558 GC heap before
{Heap before GC invocations=6 (full 0):
 PSYoungGen      total 9728K, used 9728K [0x00000000f5580000, 0x00000000f6e80000, 0x0000000100000000)
  eden space 8704K, 100% used [0x00000000f5580000,0x00000000f5e00000,0x00000000f5e00000)
  from space 1024K, 100% used [0x00000000f5e00000,0x00000000f5f00000,0x00000000f5f00000)
  to   space 4096K, 0% used [0x00000000f6a80000,0x00000000f6a80000,0x00000000f6e80000)
 ParOldGen       total 22016K, used 9120K [0x00000000e0000000, 0x00000000e1580000, 0x00000000f5580000)
  object space 22016K, 41% used [0x00000000e0000000,0x00000000e08e8320,0x00000000e1580000)
 Metaspace       used 13206K, capacity 13420K, committed 13696K, reserved 1060864K
  class space    used 1491K, capacity 1562K, committed 1664K, reserved 1048576K
Event: 6.574 GC heap after
Heap after GC invocations=6 (full 0):
 PSYoungGen      total 21504K, used 3169K [0x00000000f5580000, 0x00000000f6e80000, 0x0000000100000000)
  eden space 17408K, 0% used [0x00000000f5580000,0x00000000f5580000,0x00000000f6680000)
  from space 4096K, 77% used [0x00000000f6a80000,0x00000000f6d98438,0x00000000f6e80000)
  to   space 4096K, 0% used [0x00000000f6680000,0x00000000f6680000,0x00000000f6a80000)
 ParOldGen       total 22016K, used 9128K [0x00000000e0000000, 0x00000000e1580000, 0x00000000f5580000)
  object space 22016K, 41% used [0x00000000e0000000,0x00000000e08ea320,0x00000000e1580000)
 Metaspace       used 13206K, capacity 13420K, committed 13696K, reserved 1060864K
  class space    used 1491K, capacity 1562K, committed 1664K, reserved 1048576K
}
Event: 7.704 GC heap before
{Heap before GC invocations=7 (full 0):
 PSYoungGen      total 21504K, used 20577K [0x00000000f5580000, 0x00000000f6e80000, 0x0000000100000000)
  eden space 17408K, 100% used [0x00000000f5580000,0x00000000f6680000,0x00000000f6680000)
  from space 4096K, 77% used [0x00000000f6a80000,0x00000000f6d98438,0x00000000f6e80000)
  to   space 4096K, 0% used [0x00000000f6680000,0x00000000f6680000,0x00000000f6a80000)
 ParOldGen       total 22016K, used 9128K [0x00000000e0000000, 0x00000000e1580000, 0x00000000f5580000)
  object space 22016K, 41% used [0x00000000e0000000,0x00000000e08ea320,0x00000000e1580000)
 Metaspace       used 16806K, capacity 17140K, committed 17536K, reserved 1064960K
  class space    used 1962K, capacity 2053K, committed 2176K, reserved 1048576K
Event: 7.740 GC heap after
Heap after GC invocations=7 (full 0):
 PSYoungGen      total 21504K, used 4088K [0x00000000f5580000, 0x00000000f6e80000, 0x0000000100000000)
  eden space 17408K, 0% used [0x00000000f5580000,0x00000000f5580000,0x00000000f6680000)
  from space 4096K, 99% used [0x00000000f6680000,0x00000000f6a7e098,0x00000000f6a80000)
  to   space 4096K, 0% used [0x00000000f6a80000,0x00000000f6a80000,0x00000000f6e80000)
 ParOldGen       total 22016K, used 10580K [0x00000000e0000000, 0x00000000e1580000, 0x00000000f5580000)
  object space 22016K, 48% used [0x00000000e0000000,0x00000000e0a55358,0x00000000e1580000)
 Metaspace       used 16806K, capacity 17140K, committed 17536K, reserved 1064960K
  class space    used 1962K, capacity 2053K, committed 2176K, reserved 1048576K
}

