# JRE version: OpenJDK Runtime Environment (8.0_252-b09) (build 1.8.0_252-b09)
# Java VM: OpenJDK 64-Bit Server VM (25.252-b09 mixed mode windows-amd64 compressed oops)
Heap:
 PSYoungGen      total 21504K, used 12235K [0x00000000f5580000, 0x00000000f6e80000, 0x0000000100000000)
  eden space 17408K, 46% used [0x00000000f5580000,0x00000000f5d77fb8,0x00000000f6680000)
  from space 4096K, 99% used [0x00000000f6680000,0x00000000f6a7ac58,0x00000000f6a80000)
  to   space 4096K, 0% used [0x00000000f6a80000,0x00000000f6a80000,0x00000000f6e80000)
 ParOldGen       total 22016K, used 10517K [0x00000000e0000000, 0x00000000e1580000, 0x00000000f5580000)
  object space 22016K, 47% used [0x00000000e0000000,0x00000000e0a45538,0x00000000e1580000)
 Metaspace       used 19144K, capacity 19562K, committed 19840K, reserved 1067008K
  class space    used 2228K, capacity 2346K, committed 2432K, reserved 1048576K
GC Heap History (10 events):
Event: 9.141 GC heap before
{Heap before GC invocations=3 (full 0):
 PSYoungGen      total 9728K, used 9692K [0x00000000f5580000, 0x00000000f6000000, 0x0000000100000000)
  eden space 8704K, 99% used [0x00000000f5580000,0x00000000f5dff050,0x00000000f5e00000)
  from space 1024K, 96% used [0x00000000f5f00000,0x00000000f5ff8020,0x00000000f6000000)
  to   space 1024K, 0% used [0x00000000f5e00000,0x00000000f5e00000,0x00000000f5f00000)
 ParOldGen       total 22016K, used 2689K [0x00000000e0000000, 0x00000000e1580000, 0x00000000f5580000)
  object space 22016K, 12% used [0x00000000e0000000,0x00000000e02a0520,0x00000000e1580000)
 Metaspace       used 9081K, capacity 9196K, committed 9344K, reserved 1056768K
  class space    used 965K, capacity 1052K, committed 1152K, reserved 1048576K
Event: 9.158 GC heap after
Heap after GC invocations=3 (full 0):
 PSYoungGen      total 9728K, used 1024K [0x00000000f5580000, 0x00000000f6000000, 0x0000000100000000)
  eden space 8704K, 0% used [0x00000000f5580000,0x00000000f5580000,0x00000000f5e00000)
  from space 1024K, 100% used [0x00000000f5e00000,0x00000000f5f00000,0x00000000f5f00000)
  to   space 1024K, 0% used [0x00000000f5f00000,0x00000000f5f00000,0x00000000f6000000)
 ParOldGen       total 22016K, used 4705K [0x00000000e0000000, 0x00000000e1580000, 0x00000000f5580000)
  object space 22016K, 21% used [0x00000000e0000000,0x00000000e0498558,0x00000000e1580000)
 Metaspace       used 9081K, capacity 9196K, committed 9344K, reserved 1056768K
  class space    used 965K, capacity 1052K, committed 1152K, reserved 1048576K
}
Event: 9.886 GC heap before
{Heap before GC invocations=4 (full 0):
 PSYoungGen      total 9728K, used 9728K [0x00000000f5580000, 0x00000000f6000000, 0x0000000100000000)
  eden space 8704K, 100% used [0x00000000f5580000,0x00000000f5e00000,0x00000000f5e00000)
  from space 1024K, 100% used [0x00000000f5e00000,0x00000000f5f00000,0x00000000f5f00000)
  to   space 1024K, 0% used [0x00000000f5f00000,0x00000000f5f00000,0x00000000f6000000)
 ParOldGen       total 22016K, used 4705K [0x00000000e0000000, 0x00000000e1580000, 0x00000000f5580000)
  object space 22016K, 21% used [0x00000000e0000000,0x00000000e0498558,0x00000000e1580000)
 Metaspace       used 10364K, capacity 10556K, committed 10752K, reserved 1058816K
  class space    used 1127K, capacity 1180K, committed 1280K, reserved 1048576K
Event: 9.898 GC heap after
Heap after GC invocations=4 (full 0):
 PSYoungGen      total 9728K, used 992K [0x00000000f5580000, 0x00000000f6000000, 0x0000000100000000)
  eden space 8704K, 0% used [0x00000000f5580000,0x00000000f5580000,0x00000000f5e00000)
  from space 1024K, 96% used [0x00000000f5f00000,0x00000000f5ff8020,0x00000000f6000000)
  to   space 1024K, 0% used [0x00000000f5e00000,0x00000000f5e00000,0x00000000f5f00000)
 ParOldGen       total 22016K, used 6703K [0x00000000e0000000, 0x00000000e1580000, 0x00000000f5580000)
  object space 22016K, 30% used [0x00000000e0000000,0x00000000e068bf90,0x00000000e1580000)
 Metaspace       used 10364K, capacity 10556K, committed 10752K, reserved 1058816K
  class space    used 1127K, capacity 1180K, committed 1280K, reserved 1048576K
}
Event: 10.436 GC heap before
{Heap before GC invocations=5 (full 0):
 PSYoungGen      total 9728K, used 9696K [0x00000000f5580000, 0x00000000f6000000, 0x0000000100000000)
  eden space 8704K, 100% used [0x00000000f5580000,0x00000000f5e00000,0x00000000f5e00000)
  from space 1024K, 96% used [0x00000000f5f00000,0x00000000f5ff8020,0x00000000f6000000)
  to   space 1024K, 0% used [0x00000000f5e00000,0x00000000f5e00000,0x00000000f5f00000)
 ParOldGen       total 22016K, used 6703K [0x00000000e0000000, 0x00000000e1580000, 0x00000000f5580000)
  object space 22016K, 30% used [0x00000000e0000000,0x00000000e068bf90,0x00000000e1580000)
 Metaspace       used 11317K, capacity 11548K, committed 11648K, reserved 1058816K
  class space    used 1237K, capacity 1324K, committed 1408K, reserved 1048576K
Event: 10.459 GC heap after
Heap after GC invocations=5 (full 0):
 PSYoungGen      total 9728K, used 992K [0x00000000f5580000, 0x00000000f6e80000, 0x0000000100000000)
  eden space 8704K, 0% used [0x00000000f5580000,0x00000000f5580000,0x00000000f5e00000)
  from space 1024K, 96% used [0x00000000f5e00000,0x00000000f5ef8020,0x00000000f5f00000)
  to   space 4096K, 0% used [0x00000000f6a80000,0x00000000f6a80000,0x00000000f6e80000)
 ParOldGen       total 22016K, used 9046K [0x00000000e0000000, 0x00000000e1580000, 0x00000000f5580000)
  object space 22016K, 41% used [0x00000000e0000000,0x00000000e08d5b00,0x00000000e1580000)
 Metaspace       used 11317K, capacity 11548K, committed 11648K, reserved 1058816K
  class space    used 1237K, capacity 1324K, committed 1408K, reserved 1048576K
}
Event: 10.804 GC heap before
{Heap before GC invocations=6 (full 0):
 PSYoungGen      total 9728K, used 9696K [0x00000000f5580000, 0x00000000f6e80000, 0x0000000100000000)
  eden space 8704K, 100% used [0x00000000f5580000,0x00000000f5e00000,0x00000000f5e00000)
  from space 1024K, 96% used [0x00000000f5e00000,0x00000000f5ef8020,0x00000000f5f00000)
  to   space 4096K, 0% used [0x00000000f6a80000,0x00000000f6a80000,0x00000000f6e80000)
 ParOldGen       total 22016K, used 9046K [0x00000000e0000000, 0x00000000e1580000, 0x00000000f5580000)
  object space 22016K, 41% used [0x00000000e0000000,0x00000000e08d5b00,0x00000000e1580000)
 Metaspace       used 13197K, capacity 13420K, committed 13696K, reserved 1060864K
  class space    used 1488K, capacity 1562K, committed 1664K, reserved 1048576K
Event: 10.824 GC heap after
Heap after GC invocations=6 (full 0):
 PSYoungGen      total 21504K, used 3112K [0x00000000f5580000, 0x00000000f6e80000, 0x0000000100000000)
  eden space 17408K, 0% used [0x00000000f5580000,0x00000000f5580000,0x00000000f6680000)
  from space 4096K, 75% used [0x00000000f6a80000,0x00000000f6d8a040,0x00000000f6e80000)
  to   space 4096K, 0% used [0x00000000f6680000,0x00000000f6680000,0x00000000f6a80000)
 ParOldGen       total 22016K, used 9054K [0x00000000e0000000, 0x00000000e1580000, 0x00000000f5580000)
  object space 22016K, 41% used [0x00000000e0000000,0x00000000e08d7b00,0x00000000e1580000)
 Metaspace       used 13197K, capacity 13420K, committed 13696K, reserved 1060864K
  class space    used 1488K, capacity 1562K, committed 1664K, reserved 1048576K
}
Event: 11.911 GC heap before
{Heap before GC invocations=7 (full 0):
 PSYoungGen      total 21504K, used 20520K [0x00000000f5580000, 0x00000000f6e80000, 0x0000000100000000)
  eden space 17408K, 100% used [0x00000000f5580000,0x00000000f6680000,0x00000000f6680000)
  from space 4096K, 75% used [0x00000000f6a80000,0x00000000f6d8a040,0x00000000f6e80000)
  to   space 4096K, 0% used [0x00000000f6680000,0x00000000f6680000,0x00000000f6a80000)
 ParOldGen       total 22016K, used 9054K [0x00000000e0000000, 0x00000000e1580000, 0x00000000f5580000)
  object space 22016K, 41% used [0x00000000e0000000,0x00000000e08d7b00,0x00000000e1580000)
 Metaspace       used 16807K, capacity 17140K, committed 17536K, reserved 1064960K
  class space    used 1961K, capacity 2053K, committed 2176K, reserved 1048576K
Event: 11.929 GC heap after
Heap after GC invocations=7 (full 0):
 PSYoungGen      total 21504K, used 4075K [0x00000000f5580000, 0x00000000f6e80000, 0x0000000100000000)
  eden space 17408K, 0% used [0x00000000f5580000,0x00000000f5580000,0x00000000f6680000)
  from space 4096K, 99% used [0x00000000f6680000,0x00000000f6a7ac58,0x00000000f6a80000)
  to   space 4096K, 0% used [0x00000000f6a80000,0x00000000f6a80000,0x00000000f6e80000)
 ParOldGen       total 22016K, used 10517K [0x00000000e0000000, 0x00000000e1580000, 0x00000000f5580000)
  object space 22016K, 47% used [0x00000000e0000000,0x00000000e0a45538,0x00000000e1580000)
 Metaspace       used 16807K, capacity 17140K, committed 17536K, reserved 1064960K
  class space    used 1961K, capacity 2053K, committed 2176K, reserved 1048576K
}

