# JRE version: OpenJDK Runtime Environment (8.0_252-b09) (build 1.8.0_252-b09)
# Java VM: OpenJDK 64-Bit Server VM (25.252-b09 mixed mode windows-amd64 compressed oops)
Heap:
 PSYoungGen      total 18432K, used 9268K [0x00000000f5580000, 0x00000000f6880000, 0x0000000100000000)
  eden space 17408K, 47% used [0x00000000f5580000,0x00000000f5d8d128,0x00000000f6680000)
  from space 1024K, 100% used [0x00000000f6780000,0x00000000f6880000,0x00000000f6880000)
  to   space 1024K, 0% used [0x00000000f6680000,0x00000000f6680000,0x00000000f6780000)
 ParOldGen       total 22016K, used 15969K [0x00000000e0000000, 0x00000000e1580000, 0x00000000f5580000)
  object space 22016K, 72% used [0x00000000e0000000,0x00000000e0f986c0,0x00000000e1580000)
 Metaspace       used 27174K, capacity 27720K, committed 28032K, reserved 1073152K
  class space    used 3247K, capacity 3414K, committed 3456K, reserved 1048576K
GC Heap History (10 events):
Event: 4.670 GC heap before
{Heap before GC invocations=8 (full 1):
 PSYoungGen      total 18432K, used 1008K [0x00000000f5580000, 0x00000000f6880000, 0x0000000100000000)
  eden space 17408K, 0% used [0x00000000f5580000,0x00000000f5580000,0x00000000f6680000)
  from space 1024K, 98% used [0x00000000f6680000,0x00000000f677c010,0x00000000f6780000)
  to   space 1024K, 0% used [0x00000000f6780000,0x00000000f6780000,0x00000000f6880000)
 ParOldGen       total 22016K, used 19340K [0x00000000e0000000, 0x00000000e1580000, 0x00000000f5580000)
  object space 22016K, 87% used [0x00000000e0000000,0x00000000e12e32c0,0x00000000e1580000)
 Metaspace       used 20691K, capacity 21154K, committed 21296K, reserved 1069056K
  class space    used 2446K, capacity 2623K, committed 2688K, reserved 1048576K
Event: 4.760 GC heap after
Heap after GC invocations=8 (full 1):
 PSYoungGen      total 18432K, used 0K [0x00000000f5580000, 0x00000000f6880000, 0x0000000100000000)
  eden space 17408K, 0% used [0x00000000f5580000,0x00000000f5580000,0x00000000f6680000)
  from space 1024K, 0% used [0x00000000f6680000,0x00000000f6680000,0x00000000f6780000)
  to   space 1024K, 0% used [0x00000000f6780000,0x00000000f6780000,0x00000000f6880000)
 ParOldGen       total 22016K, used 13923K [0x00000000e0000000, 0x00000000e1580000, 0x00000000f5580000)
  object space 22016K, 63% used [0x00000000e0000000,0x00000000e0d98f90,0x00000000e1580000)
 Metaspace       used 20691K, capacity 21154K, committed 21296K, reserved 1069056K
  class space    used 2446K, capacity 2623K, committed 2688K, reserved 1048576K
}
Event: 5.208 GC heap before
{Heap before GC invocations=9 (full 1):
 PSYoungGen      total 18432K, used 17408K [0x00000000f5580000, 0x00000000f6880000, 0x0000000100000000)
  eden space 17408K, 100% used [0x00000000f5580000,0x00000000f6680000,0x00000000f6680000)
  from space 1024K, 0% used [0x00000000f6680000,0x00000000f6680000,0x00000000f6780000)
  to   space 1024K, 0% used [0x00000000f6780000,0x00000000f6780000,0x00000000f6880000)
 ParOldGen       total 22016K, used 13923K [0x00000000e0000000, 0x00000000e1580000, 0x00000000f5580000)
  object space 22016K, 63% used [0x00000000e0000000,0x00000000e0d98f90,0x00000000e1580000)
 Metaspace       used 21928K, capacity 22402K, committed 22448K, reserved 1069056K
  class space    used 2617K, capacity 2801K, committed 2816K, reserved 1048576K
Event: 5.219 GC heap after
Heap after GC invocations=9 (full 1):
 PSYoungGen      total 18432K, used 1016K [0x00000000f5580000, 0x00000000f6880000, 0x0000000100000000)
  eden space 17408K, 0% used [0x00000000f5580000,0x00000000f5580000,0x00000000f6680000)
  from space 1024K, 99% used [0x00000000f6780000,0x00000000f687e0b8,0x00000000f6880000)
  to   space 1024K, 0% used [0x00000000f6680000,0x00000000f6680000,0x00000000f6780000)
 ParOldGen       total 22016K, used 16143K [0x00000000e0000000, 0x00000000e1580000, 0x00000000f5580000)
  object space 22016K, 73% used [0x00000000e0000000,0x00000000e0fc3d90,0x00000000e1580000)
 Metaspace       used 21928K, capacity 22402K, committed 22448K, reserved 1069056K
  class space    used 2617K, capacity 2801K, committed 2816K, reserved 1048576K
}
Event: 5.751 GC heap before
{Heap before GC invocations=10 (full 1):
 PSYoungGen      total 18432K, used 18424K [0x00000000f5580000, 0x00000000f6880000, 0x0000000100000000)
  eden space 17408K, 100% used [0x00000000f5580000,0x00000000f6680000,0x00000000f6680000)
  from space 1024K, 99% used [0x00000000f6780000,0x00000000f687e0b8,0x00000000f6880000)
  to   space 1024K, 0% used [0x00000000f6680000,0x00000000f6680000,0x00000000f6780000)
 ParOldGen       total 22016K, used 16143K [0x00000000e0000000, 0x00000000e1580000, 0x00000000f5580000)
  object space 22016K, 73% used [0x00000000e0000000,0x00000000e0fc3d90,0x00000000e1580000)
 Metaspace       used 22831K, capacity 23340K, committed 23424K, reserved 1069056K
  class space    used 2736K, capacity 2898K, committed 2944K, reserved 1048576K
Event: 5.777 GC heap after
Heap after GC invocations=10 (full 1):
 PSYoungGen      total 18432K, used 992K [0x00000000f5580000, 0x00000000f6880000, 0x0000000100000000)
  eden space 17408K, 0% used [0x00000000f5580000,0x00000000f5580000,0x00000000f6680000)
  from space 1024K, 96% used [0x00000000f6680000,0x00000000f6778010,0x00000000f6780000)
  to   space 1024K, 0% used [0x00000000f6780000,0x00000000f6780000,0x00000000f6880000)
 ParOldGen       total 22016K, used 20104K [0x00000000e0000000, 0x00000000e1580000, 0x00000000f5580000)
  object space 22016K, 91% used [0x00000000e0000000,0x00000000e13a2260,0x00000000e1580000)
 Metaspace       used 22831K, capacity 23340K, committed 23424K, reserved 1069056K
  class space    used 2736K, capacity 2898K, committed 2944K, reserved 1048576K
}
Event: 5.777 GC heap before
{Heap before GC invocations=11 (full 2):
 PSYoungGen      total 18432K, used 992K [0x00000000f5580000, 0x00000000f6880000, 0x0000000100000000)
  eden space 17408K, 0% used [0x00000000f5580000,0x00000000f5580000,0x00000000f6680000)
  from space 1024K, 96% used [0x00000000f6680000,0x00000000f6778010,0x00000000f6780000)
  to   space 1024K, 0% used [0x00000000f6780000,0x00000000f6780000,0x00000000f6880000)
 ParOldGen       total 22016K, used 20104K [0x00000000e0000000, 0x00000000e1580000, 0x00000000f5580000)
  object space 22016K, 91% used [0x00000000e0000000,0x00000000e13a2260,0x00000000e1580000)
 Metaspace       used 22831K, capacity 23340K, committed 23424K, reserved 1069056K
  class space    used 2736K, capacity 2898K, committed 2944K, reserved 1048576K
Event: 5.936 GC heap after
Heap after GC invocations=11 (full 2):
 PSYoungGen      total 18432K, used 0K [0x00000000f5580000, 0x00000000f6880000, 0x0000000100000000)
  eden space 17408K, 0% used [0x00000000f5580000,0x00000000f5580000,0x00000000f6680000)
  from space 1024K, 0% used [0x00000000f6680000,0x00000000f6680000,0x00000000f6780000)
  to   space 1024K, 0% used [0x00000000f6780000,0x00000000f6780000,0x00000000f6880000)
 ParOldGen       total 22016K, used 12462K [0x00000000e0000000, 0x00000000e1580000, 0x00000000f5580000)
  object space 22016K, 56% used [0x00000000e0000000,0x00000000e0c2baa0,0x00000000e1580000)
 Metaspace       used 22831K, capacity 23340K, committed 23424K, reserved 1069056K
  class space    used 2736K, capacity 2898K, committed 2944K, reserved 1048576K
}
Event: 6.710 GC heap before
{Heap before GC invocations=12 (full 2):
 PSYoungGen      total 18432K, used 17408K [0x00000000f5580000, 0x00000000f6880000, 0x0000000100000000)
  eden space 17408K, 100% used [0x00000000f5580000,0x00000000f6680000,0x00000000f6680000)
  from space 1024K, 0% used [0x00000000f6680000,0x00000000f6680000,0x00000000f6780000)
  to   space 1024K, 0% used [0x00000000f6780000,0x00000000f6780000,0x00000000f6880000)
 ParOldGen       total 22016K, used 12462K [0x00000000e0000000, 0x00000000e1580000, 0x00000000f5580000)
  object space 22016K, 56% used [0x00000000e0000000,0x00000000e0c2baa0,0x00000000e1580000)
 Metaspace       used 25993K, capacity 26500K, committed 26624K, reserved 1073152K
  class space    used 3113K, capacity 3286K, committed 3328K, reserved 1048576K
Event: 6.718 GC heap after
Heap after GC invocations=12 (full 2):
 PSYoungGen      total 18432K, used 1024K [0x00000000f5580000, 0x00000000f6880000, 0x0000000100000000)
  eden space 17408K, 0% used [0x00000000f5580000,0x00000000f5580000,0x00000000f6680000)
  from space 1024K, 100% used [0x00000000f6780000,0x00000000f6880000,0x00000000f6880000)
  to   space 1024K, 0% used [0x00000000f6680000,0x00000000f6680000,0x00000000f6780000)
 ParOldGen       total 22016K, used 15969K [0x00000000e0000000, 0x00000000e1580000, 0x00000000f5580000)
  object space 22016K, 72% used [0x00000000e0000000,0x00000000e0f986c0,0x00000000e1580000)
 Metaspace       used 25993K, capacity 26500K, committed 26624K, reserved 1073152K
  class space    used 3113K, capacity 3286K, committed 3328K, reserved 1048576K
}

